<?xml version="1.0" encoding="UTF-8"?>
<testng-results ignored="0" total="3" passed="3" failed="0" skipped="0">
  <reporter-output>
  </reporter-output>
  <suite started-at="2025-02-07T19:35:10 IST" name="Suite" finished-at="2025-02-07T19:36:17 IST" duration-ms="67272">
    <groups>
    </groups>
    <test started-at="2025-02-07T19:35:10 IST" name="edgeTest" finished-at="2025-02-07T19:35:56 IST" duration-ms="46572">
      <class name="testCase.TC001AccountRegistrationTest">
        <test-method is-config="true" signature="setup(java.lang.String,java.lang.String)[pri:0, instance:testCase.TC001AccountRegistrationTest@2ed3b1f5]" started-at="2025-02-07T19:35:10 IST" name="setup" finished-at="2025-02-07T19:35:46 IST" duration-ms="36277" status="PASS">
          <params>
            <param index="0">
              <value>
                <![CDATA[Windows]]>
              </value>
            </param>
            <param index="1">
              <value>
                <![CDATA[edge]]>
              </value>
            </param>
          </params>
          <reporter-output>
          </reporter-output>
        </test-method> <!-- setup -->
        <test-method signature="verify_Account_registration()[pri:0, instance:testCase.TC001AccountRegistrationTest@2ed3b1f5]" started-at="2025-02-07T19:35:46 IST" name="verify_Account_registration" finished-at="2025-02-07T19:35:52 IST" duration-ms="5977" status="PASS">
          <reporter-output>
          </reporter-output>
        </test-method> <!-- verify_Account_registration -->
        <test-method is-config="true" signature="teardown()[pri:0, instance:testCase.TC001AccountRegistrationTest@2ed3b1f5]" started-at="2025-02-07T19:35:52 IST" name="teardown" finished-at="2025-02-07T19:35:56 IST" duration-ms="3922" status="PASS">
          <reporter-output>
          </reporter-output>
        </test-method> <!-- teardown -->
      </class> <!-- testCase.TC001AccountRegistrationTest -->
    </test> <!-- edgeTest -->
    <test started-at="2025-02-07T19:35:10 IST" name="Test" finished-at="2025-02-07T19:35:58 IST" duration-ms="48842">
      <class name="testCase.TC001AccountRegistrationTest">
        <test-method is-config="true" signature="setup(java.lang.String,java.lang.String)[pri:0, instance:testCase.TC001AccountRegistrationTest@24bdb479]" started-at="2025-02-07T19:35:10 IST" name="setup" finished-at="2025-02-07T19:35:46 IST" duration-ms="36216" status="PASS">
          <params>
            <param index="0">
              <value>
                <![CDATA[Windows]]>
              </value>
            </param>
            <param index="1">
              <value>
                <![CDATA[chrome]]>
              </value>
            </param>
          </params>
          <reporter-output>
          </reporter-output>
        </test-method> <!-- setup -->
        <test-method signature="verify_Account_registration()[pri:0, instance:testCase.TC001AccountRegistrationTest@24bdb479]" started-at="2025-02-07T19:35:46 IST" name="verify_Account_registration" finished-at="2025-02-07T19:35:55 IST" duration-ms="8947" status="PASS">
          <reporter-output>
          </reporter-output>
        </test-method> <!-- verify_Account_registration -->
        <test-method is-config="true" signature="teardown()[pri:0, instance:testCase.TC001AccountRegistrationTest@24bdb479]" started-at="2025-02-07T19:35:55 IST" name="teardown" finished-at="2025-02-07T19:35:58 IST" duration-ms="3241" status="PASS">
          <reporter-output>
          </reporter-output>
        </test-method> <!-- teardown -->
      </class> <!-- testCase.TC001AccountRegistrationTest -->
    </test> <!-- Test -->
    <test started-at="2025-02-07T19:35:10 IST" name="firefoxTest" finished-at="2025-02-07T19:36:17 IST" duration-ms="67271">
      <class name="testCase.TC001AccountRegistrationTest">
        <test-method is-config="true" signature="setup(java.lang.String,java.lang.String)[pri:0, instance:testCase.TC001AccountRegistrationTest@68d6972f]" started-at="2025-02-07T19:35:10 IST" name="setup" finished-at="2025-02-07T19:36:09 IST" duration-ms="59540" status="PASS">
          <params>
            <param index="0">
              <value>
                <![CDATA[Windows]]>
              </value>
            </param>
            <param index="1">
              <value>
                <![CDATA[firefox]]>
              </value>
            </param>
          </params>
          <reporter-output>
          </reporter-output>
        </test-method> <!-- setup -->
        <test-method signature="verify_Account_registration()[pri:0, instance:testCase.TC001AccountRegistrationTest@68d6972f]" started-at="2025-02-07T19:36:09 IST" name="verify_Account_registration" finished-at="2025-02-07T19:36:15 IST" duration-ms="5495" status="PASS">
          <reporter-output>
          </reporter-output>
        </test-method> <!-- verify_Account_registration -->
        <test-method is-config="true" signature="teardown()[pri:0, instance:testCase.TC001AccountRegistrationTest@68d6972f]" started-at="2025-02-07T19:36:15 IST" name="teardown" finished-at="2025-02-07T19:36:17 IST" duration-ms="2215" status="PASS">
          <reporter-output>
          </reporter-output>
        </test-method> <!-- teardown -->
      </class> <!-- testCase.TC001AccountRegistrationTest -->
    </test> <!-- firefoxTest -->
  </suite> <!-- Suite -->
</testng-results>
